Preparing npm environment

Running 2 tests using 1 worker

 - UniversalTruckingPage.navigateTo1UniversalTruckingGroupPage
 - UniversalTruckingPage.assertTestingHarnesGroupsPricingPage
 - UniversalTruckingPage.clickTabSigningUp
 - UniversalTruckingPage.selectlanguage
language is selected
 - UniversalTruckingPage.selectStateUniversalTruckingPage
 - UniversalTruckingPage.clickBtnESelect
  x  [chromium] › tests\qa-maintenance-list\groups-1universaltruckinggroup.spec.ts:15:6 › test (12s)
 - BestMoneyMoversGroupPage.navigateToBestMoneyMoversGroupPage
 - BestMoneyMoversGroupPage.clickBtnEnrollNow
 - BestMoneyMoversGroupPage.assertTestingHarnesGroupsPricingPage
 - BestMoneyMoversGroupPage.selectStateBestMoneyMoversGroupPage
 - BestMoneyMoversGroupPage.assertTestingHarnesGroupsPricingPage
State is selected and Available Plans Label is displayed
 - BestMoneyMoversGroupPage.selectFrequencyBestMoneyMoversGroupPage
Frequency is selected
 - BestMoneyMoversGroupPage.clickBtnESelectPlan
Plan is selected
 - BestMoneyMoversGroupPage.loginBestMoneyMoversGroupPage
Redirected to login page
 - loginPage.login
 - BestMoneyMoversGroupPage.updateAddressTestingHarnesGroupsPage
 - checkoutPersonalInfoPage.enterHomeAddress
 - checkoutPersonalInfoPage.enterCity
 - checkoutPersonalInfoPage.enterPostalCode
  ok [chromium] › tests\qa-maintenance-list\groups-bestmoneymoves.spec.ts:14:6 › test (1m)


  1) [chromium] › tests\qa-maintenance-list\groups-1universaltruckinggroup.spec.ts:15:6 › test =====

    locator.click: DOMException: Failed to execute 'evaluate' on 'Document': The string './/h3[contains(text(),Select Your Commercial Driver Plan)]' is not a valid XPath expression.

      26 |   await universalTruckingPage.selectStateUniversalTruckingPage('Virginia');
      27 |   // Select a plan
    > 28 |   await universalTruckingPage.clickBtnESelect('Select Your Commercial Driver Plan');
         |                               ^
      29 |   // Login
      30 |   await universalTruckingPage.loginBestMoneyMoversGroupPage();
      31 |   // Verify that user is redirected to personal info page

        at Object.queryAll (<anonymous>:1016:26)
        at InjectedScript._queryEngineAll (<anonymous>:3889:49)
        at InjectedScript.querySelectorAll (<anonymous>:3876:30)
        at eval (eval at evaluate (:178:30), <anonymous>:10:33)
        at next (<anonymous>:4014:27)
        at <anonymous>:4024:7
        at Object.run (<anonymous>:4068:22)
        at eval (eval at evaluate (:178:30), <anonymous>:1:14)
        at UtilityScript.evaluate (<anonymous>:180:17)
        at UtilityScript.<anonymous> (<anonymous>:1:44)
    =========================== logs ===========================
    waiting for selector "//h3[contains(text(),Select Your Commercial Driver Plan)]"
      Failed to execute 'evaluate' on 'Document': The string './/h3[contains(text(),Select Your Commercial Driver Plan)]' is not a valid XPath expression.
    ============================================================
        at UniversalTruckingPage.clickBtnESelect (D:\sauce-playwright-runner\2.9.0\bundle\__project__\page-objects\qa-maintenance-list\1UniversalTruckinggroup.page copy.ts:80:68)
        at D:\sauce-playwright-runner\2.9.0\bundle\__project__\tests\qa-maintenance-list\groups-1universaltruckinggroup.spec.ts:28:31

  Slow test file: [chromium] › tests\qa-maintenance-list\groups-bestmoneymoves.spec.ts (1m)
  Consider splitting slow test files to speed up parallel execution

  1 failed
    [chromium] › tests\qa-maintenance-list\groups-1universaltruckinggroup.spec.ts:15:6 › test ======
  1 passed (1m)


