Preparing npm environment

Running 0 test using 0 worker


Error: Cannot find module 'ts-retry'
Require stack:
- D:\sauce-playwright-runner\2.9.0\bundle\__project__\utils\regions.utils.ts
- D:\sauce-playwright-runner\2.9.0\bundle\__project__\page-objects\qa-maintenance-list\bestmoneymoversgroup.page.ts
- D:\sauce-playwright-runner\2.9.0\bundle\__project__\tests\qa-maintenance-list\groups-bestmoneymoves.spec.ts
- D:\sauce-playwright-runner\2.9.0\bundle\node_modules\@playwright\test\lib\loader.js
- D:\sauce-playwright-runner\2.9.0\bundle\node_modules\@playwright\test\lib\runner.js
- D:\sauce-playwright-runner\2.9.0\bundle\node_modules\@playwright\test\lib\cli.js
- D:\sauce-playwright-runner\2.9.0\bundle\node_modules\playwright-core\lib\cli\cli.js
- D:\sauce-playwright-runner\2.9.0\bundle\node_modules\playwright-core\cli.js
- D:\sauce-playwright-runner\2.9.0\bundle\node_modules\@playwright\test\cli.js

   at utils\regions.utils.ts:3

  1 | /* eslint-disable camelcase */
  2 | import { Locator, Page } from '@playwright/test';
> 3 | import { retryAsync } from 'ts-retry';
    | ^
  4 |
  5 | /**
  6 |  * @export

    at Object.<anonymous> (D:\sauce-playwright-runner\2.9.0\bundle\__project__\utils\regions.utils.ts:3:1)
    at Object.<anonymous> (D:\sauce-playwright-runner\2.9.0\bundle\__project__\page-objects\qa-maintenance-list\bestmoneymoversgroup.page.ts:4:1)

=================
 no tests found.
=================



