Preparing npm environment

Running 7 tests using 1 worker

 - accountClassicShieldAtWorkPage.navigateToClassicShieldAtWork
 - accountShieldAtWorkPage.loginWithCredentials
 - accountShieldAtWorkPage.assertSecurityPage
 - accountClassicShieldAtWorkPage.clickViewBtn
 - accountClassicShieldAtWorkPage.clickMenuBtn
 - accountClassicShieldAtWorkPage.clickSecurityBtn
  ok [chromium] › tests\classic-shield-at-work\classic-account-tab.spec.ts:11:1 › Security page is displayed on the account information page (52s)
 - accountClassicShieldAtWorkPage.navigateToClassicShieldAtWork
 - accountShieldAtWorkPage.loginWithCredentials
 - accountShieldAtWorkPage.assertEditEmployeePage
 - accountClassicShieldAtWorkPage.clickViewBtn
 - accountClassicShieldAtWorkPage.clickSecurityBtn
  ok [chromium] › tests\classic-shield-at-work\classic-account-tab.spec.ts:16:1 › Edit Employee button redirects to the correct page to update the number of employees (15s)
 - accountClassicShieldAtWorkPage.navigateToClassicShieldAtWork
 - accountShieldAtWorkPage.loginWithCredentials
 - accountShieldAtWorkPage.assertMemberList
 - accountClassicShieldAtWorkPage.clickViewBtn
 - accountClassicShieldAtWorkPage.clickEnrollmentTab
  ok [chromium] › tests\classic-shield-at-work\classic-enrollment-tab.spec.ts:11:1 › Member list is displayed on the enrollment page (26s)
 - accountClassicShieldAtWorkPage.navigateToClassicShieldAtWork
 - accountShieldAtWorkPage.loginWithCredentials
 - accountShieldAtWorkPage.assertMemberEnrollmentForm
 - accountClassicShieldAtWorkPage.clickViewBtn
 - accountClassicShieldAtWorkPage.clickEnrollmentTab
 - accountClassicShieldAtWorkPage.clickEnrollNewMemberBtn
  ok [chromium] › tests\classic-shield-at-work\classic-enrollment-tab.spec.ts:16:1 › Enrollment form is displayed on the enrollment page (26s)
 - accountClassicShieldAtWorkPage.navigateToClassicShieldAtWork
 - accountShieldAtWorkPage.loginWithCredentials
  ok [chromium] › tests\classic-shield-at-work\classic-login.spec.ts:11:1 › Login with credentials (6s)
 - accountClassicShieldAtWorkPage.navigateToClassicShieldAtWork
 - activateEnterCodePage.assertTypeFormPageUrl
 - accountClassicShieldAtWorkPage.clickReports
  ok [chromium] › tests\classic-shield-at-work\classic-login.spec.ts:15:1 › Type Form Url is displayed after clicking on Sign Up link (5s)
 - accountClassicShieldAtWorkPage.navigateToClassicShieldAtWork
 - accountShieldAtWorkPage.loginWithCredentials
 - accountShieldAtWorkPage.assertReportsPage
 - accountClassicShieldAtWorkPage.clickViewBtn
 - accountClassicShieldAtWorkPage.clickReports
  ok [chromium] › tests\classic-shield-at-work\classic-reports-tab.spec.ts:11:1 › Reports page is displayed, Submit button is enabled (13s)

  Slow test file: [chromium] › tests\classic-shield-at-work\classic-account-tab.spec.ts (1m)
  Slow test file: [chromium] › tests\classic-shield-at-work\classic-enrollment-tab.spec.ts (52s)
  Consider splitting slow test files to speed up parallel execution

  7 passed (2m)


