Preparing npm environment

Running 1 test using 1 worker

 - BestMoneyMoversGroupPage.navigateToBestMoneyMoversGroupPage
 - BestMoneyMoversGroupPage.clickBtnEnrollNow
 - BestMoneyMoversGroupPage.assertTestingHarnesGroupsPricingPage
 - BestMoneyMoversGroupPage.selectStateBestMoneyMoversGroupPage
 - BestMoneyMoversGroupPage.assertTestingHarnesGroupsPricingPage
State is selected and Available Plans Label is displayed
 - BestMoneyMoversGroupPage.selectFrequencyBestMoneyMoversGroupPage
Frequency is selected
 - BestMoneyMoversGroupPage.clickBtnESelectPlan
Plan is selected
 - BestMoneyMoversGroupPage.loginBestMoneyMoversGroupPage
Redirected to login page
 - loginPage.login
 - BestMoneyMoversGroupPage.updateAddressTestingHarnesGroupsPage
 - checkoutPersonalInfoPage.enterHomeAddress
 - checkoutPersonalInfoPage.enterCity
 - checkoutPersonalInfoPage.enterPostalCode
  ok [firefox] › tests\qa-maintenance-list\groups-bestmoneymoves.spec.ts:14:6 › test (25s)

  Slow test file: [firefox] › tests\qa-maintenance-list\groups-bestmoneymoves.spec.ts (25s)
  Consider splitting slow test files to speed up parallel execution

  1 passed (26s)


