Preparing npm environment

Running 7 tests using 2 workers

 - accountClassicShieldAtWorkPage.navigateToClassicShieldAtWork
 - accountClassicShieldAtWorkPage.navigateToClassicShieldAtWork
 - accountShieldAtWorkPage.loginWithCredentials
 - accountShieldAtWorkPage.loginWithCredentials
 - accountShieldAtWorkPage.assertMemberList
 - accountClassicShieldAtWorkPage.clickViewBtn
 - accountShieldAtWorkPage.assertSecurityPage
 - accountClassicShieldAtWorkPage.clickViewBtn
 - accountClassicShieldAtWorkPage.clickMenuBtn
 - accountClassicShieldAtWorkPage.clickSecurityBtn
 - accountClassicShieldAtWorkPage.clickEnrollmentTab
  ✓  [chromium] › tests/classic-shield-at-work/classic-account-tab.spec.ts:11:1 › Security page is displayed on the account information page (1m)
 - accountClassicShieldAtWorkPage.navigateToClassicShieldAtWork
 - accountShieldAtWorkPage.loginWithCredentials
  ✓  [chromium] › tests/classic-shield-at-work/classic-enrollment-tab.spec.ts:11:1 › Member list is displayed on the enrollment page (1m)
 - accountClassicShieldAtWorkPage.navigateToClassicShieldAtWork
 - accountShieldAtWorkPage.loginWithCredentials
 - accountShieldAtWorkPage.assertEditEmployeePage
 - accountClassicShieldAtWorkPage.clickViewBtn
 - accountShieldAtWorkPage.assertMemberEnrollmentForm
 - accountClassicShieldAtWorkPage.clickViewBtn
 - accountClassicShieldAtWorkPage.clickSecurityBtn
 - accountClassicShieldAtWorkPage.clickEnrollmentTab
  ✓  [chromium] › tests/classic-shield-at-work/classic-account-tab.spec.ts:16:1 › Edit Employee button redirects to the correct page to update the number of employees (33s)
 - accountClassicShieldAtWorkPage.navigateToClassicShieldAtWork
 - accountShieldAtWorkPage.loginWithCredentials
 - accountClassicShieldAtWorkPage.clickEnrollNewMemberBtn
  ✓  [chromium] › tests/classic-shield-at-work/classic-login.spec.ts:11:1 › Login with credentials (14s)
 - accountClassicShieldAtWorkPage.navigateToClassicShieldAtWork
 - activateEnterCodePage.assertTypeFormPageUrl
 - accountClassicShieldAtWorkPage.clickReports
  ✓  [chromium] › tests/classic-shield-at-work/classic-enrollment-tab.spec.ts:16:1 › Enrollment form is displayed on the enrollment page (58s)
 - accountClassicShieldAtWorkPage.navigateToClassicShieldAtWork
  ✘  [chromium] › tests/classic-shield-at-work/classic-login.spec.ts:15:1 › Type Form Url is displayed after clicking on Sign Up link (18s)
 - accountShieldAtWorkPage.loginWithCredentials
 - accountShieldAtWorkPage.assertReportsPage
 - accountClassicShieldAtWorkPage.clickViewBtn
 - accountClassicShieldAtWorkPage.clickReports
  ✓  [chromium] › tests/classic-shield-at-work/classic-reports-tab.spec.ts:11:1 › Reports page is displayed, Submit button is enabled (36s)


  1) [chromium] › tests/classic-shield-at-work/classic-login.spec.ts:15:1 › Type Form Url is displayed after clicking on Sign Up link 

    Error: expect(received).toHaveURL(expected)

    Expected string: "https://legalshield.typeform.com/to/lJtBMp?typeform-source=classic.dev-shieldatwork.com"
    Received string: "https://legalshield.typeform.com/to/lJtBMp"
    Call log:
      - expect.toHaveURL with timeout 5000ms
      - waiting for selector ":root"
      -   selector resolved to <html lang="en">…</html>
      -   unexpected value "https://legalshield.typeform.com/to/lJtBMp"


      14 |
      15 | test('Type Form Url is displayed after clicking on Sign Up link', async ({ page }) => {
    > 16 |   await classicShieldAtWork.assertTypeFormPageUrl();
         |   ^
      17 | });
      18 |

        at ClassicShieldAtWork.assertTypeFormPageUrl (/Volumes/Sauce/saucectl-runners/sauce-playwright-runner/2.9.0/bundle/__project__/page-objects/classic-shield-at-work/classic-login.page.ts:49:29)
        at /Volumes/Sauce/saucectl-runners/sauce-playwright-runner/2.9.0/bundle/__project__/tests/classic-shield-at-work/classic-login.spec.ts:16:3

  Slow test file: [chromium] › tests/classic-shield-at-work/classic-enrollment-tab.spec.ts (2m)
  Slow test file: [chromium] › tests/classic-shield-at-work/classic-account-tab.spec.ts (2m)
  Slow test file: [chromium] › tests/classic-shield-at-work/classic-reports-tab.spec.ts (36s)
  Slow test file: [chromium] › tests/classic-shield-at-work/classic-login.spec.ts (32s)
  Consider splitting slow test files to speed up parallel execution

  1 failed
    [chromium] › tests/classic-shield-at-work/classic-login.spec.ts:15:1 › Type Form Url is displayed after clicking on Sign Up link 
  6 passed (3m)


