Preparing npm environment

Running 7 tests using 2 workers

 - accountClassicShieldAtWorkPage.navigateToClassicShieldAtWork
 - accountClassicShieldAtWorkPage.navigateToClassicShieldAtWork
 - accountShieldAtWorkPage.loginWithCredentials
 - accountShieldAtWorkPage.loginWithCredentials
 - accountShieldAtWorkPage.assertMemberList
 - accountClassicShieldAtWorkPage.clickViewBtn
 - accountShieldAtWorkPage.assertSecurityPage
 - accountClassicShieldAtWorkPage.clickViewBtn
 - accountClassicShieldAtWorkPage.clickEnrollmentTab
 - accountClassicShieldAtWorkPage.clickMenuBtn
 - accountClassicShieldAtWorkPage.clickSecurityBtn
  ✓  [webkit] › tests/classic-shield-at-work/classic-account-tab.spec.ts:11:1 › Security page is displayed on the account information page (40s)
 - accountClassicShieldAtWorkPage.navigateToClassicShieldAtWork
  ✓  [webkit] › tests/classic-shield-at-work/classic-enrollment-tab.spec.ts:11:1 › Member list is displayed on the enrollment page (43s)
 - accountShieldAtWorkPage.loginWithCredentials
 - accountClassicShieldAtWorkPage.navigateToClassicShieldAtWork
 - accountShieldAtWorkPage.loginWithCredentials
 - accountShieldAtWorkPage.assertEditEmployeePage
 - accountClassicShieldAtWorkPage.clickViewBtn
 - accountShieldAtWorkPage.assertMemberEnrollmentForm
 - accountClassicShieldAtWorkPage.clickViewBtn
 - accountClassicShieldAtWorkPage.clickSecurityBtn
 - accountClassicShieldAtWorkPage.clickEnrollmentTab
  ✓  [webkit] › tests/classic-shield-at-work/classic-account-tab.spec.ts:16:1 › Edit Employee button redirects to the correct page to update the number of employees (42s)
 - accountClassicShieldAtWorkPage.navigateToClassicShieldAtWork
 - accountShieldAtWorkPage.loginWithCredentials
 - accountClassicShieldAtWorkPage.clickEnrollNewMemberBtn
  ✓  [webkit] › tests/classic-shield-at-work/classic-login.spec.ts:11:1 › Login with credentials (13s)
 - accountClassicShieldAtWorkPage.navigateToClassicShieldAtWork
 - activateEnterCodePage.assertTypeFormPageUrl
 - accountClassicShieldAtWorkPage.clickReports
  ✓  [webkit] › tests/classic-shield-at-work/classic-login.spec.ts:15:1 › Type Form Url is displayed after clicking on Sign Up link (6s)
 - accountClassicShieldAtWorkPage.navigateToClassicShieldAtWork
 - accountShieldAtWorkPage.loginWithCredentials
  ✓  [webkit] › tests/classic-shield-at-work/classic-enrollment-tab.spec.ts:16:1 › Enrollment form is displayed on the enrollment page (1m)
 - accountShieldAtWorkPage.assertReportsPage
 - accountClassicShieldAtWorkPage.clickViewBtn
 - accountClassicShieldAtWorkPage.clickReports
  ✓  [webkit] › tests/classic-shield-at-work/classic-reports-tab.spec.ts:11:1 › Reports page is displayed, Submit button is enabled (2m)

  Slow test file: [webkit] › tests/classic-shield-at-work/classic-enrollment-tab.spec.ts (2m)
  Slow test file: [webkit] › tests/classic-shield-at-work/classic-reports-tab.spec.ts (2m)
  Slow test file: [webkit] › tests/classic-shield-at-work/classic-account-tab.spec.ts (1m)
  Slow test file: [webkit] › tests/classic-shield-at-work/classic-login.spec.ts (19s)
  Consider splitting slow test files to speed up parallel execution

  7 passed (3m)


