Preparing npm environment

Running 7 tests using 2 workers

 - accountClassicShieldAtWorkPage.navigateToClassicShieldAtWork
 - accountClassicShieldAtWorkPage.navigateToClassicShieldAtWork
 - accountShieldAtWorkPage.loginWithCredentials
 - accountShieldAtWorkPage.loginWithCredentials
 - accountShieldAtWorkPage.assertMemberList
 - accountClassicShieldAtWorkPage.clickViewBtn
 - accountClassicShieldAtWorkPage.clickEnrollmentTab
 - accountShieldAtWorkPage.assertSecurityPage
 - accountClassicShieldAtWorkPage.clickViewBtn
  ✓  [webkit] › tests/classic-shield-at-work/classic-enrollment-tab.spec.ts:11:1 › Member list is displayed on the enrollment page (53s)
 - accountClassicShieldAtWorkPage.navigateToClassicShieldAtWork
 - accountClassicShieldAtWorkPage.clickMenuBtn
 - accountClassicShieldAtWorkPage.clickSecurityBtn
 - accountShieldAtWorkPage.loginWithCredentials
 - accountShieldAtWorkPage.assertMemberEnrollmentForm
 - accountClassicShieldAtWorkPage.clickViewBtn
  ✓  [webkit] › tests/classic-shield-at-work/classic-account-tab.spec.ts:11:1 › Security page is displayed on the account information page (1m)
 - accountClassicShieldAtWorkPage.navigateToClassicShieldAtWork
 - accountClassicShieldAtWorkPage.clickEnrollmentTab
 - accountShieldAtWorkPage.loginWithCredentials
 - accountClassicShieldAtWorkPage.clickEnrollNewMemberBtn
 - accountShieldAtWorkPage.assertEditEmployeePage
 - accountClassicShieldAtWorkPage.clickViewBtn
 - accountClassicShieldAtWorkPage.clickSecurityBtn
  ✓  [webkit] › tests/classic-shield-at-work/classic-account-tab.spec.ts:16:1 › Edit Employee button redirects to the correct page to update the number of employees (19s)
  ✓  [webkit] › tests/classic-shield-at-work/classic-enrollment-tab.spec.ts:16:1 › Enrollment form is displayed on the enrollment page (28s)
 - accountClassicShieldAtWorkPage.navigateToClassicShieldAtWork
 - accountClassicShieldAtWorkPage.navigateToClassicShieldAtWork
 - accountShieldAtWorkPage.loginWithCredentials
 - accountShieldAtWorkPage.loginWithCredentials
 - accountShieldAtWorkPage.assertReportsPage
 - accountClassicShieldAtWorkPage.clickViewBtn
  ✓  [webkit] › tests/classic-shield-at-work/classic-login.spec.ts:11:1 › Login with credentials (6s)
 - accountClassicShieldAtWorkPage.navigateToClassicShieldAtWork
 - accountClassicShieldAtWorkPage.clickReports
 - activateEnterCodePage.assertTypeFormPageUrl
 - accountClassicShieldAtWorkPage.clickReports
  ✓  [webkit] › tests/classic-shield-at-work/classic-login.spec.ts:15:1 › Type Form Url is displayed after clicking on Sign Up link (6s)
  ✓  [webkit] › tests/classic-shield-at-work/classic-reports-tab.spec.ts:11:1 › Reports page is displayed, Submit button is enabled (16s)

  Slow test file: [webkit] › tests/classic-shield-at-work/classic-account-tab.spec.ts (1m)
  Slow test file: [webkit] › tests/classic-shield-at-work/classic-enrollment-tab.spec.ts (1m)
  Slow test file: [webkit] › tests/classic-shield-at-work/classic-reports-tab.spec.ts (16s)
  Consider splitting slow test files to speed up parallel execution

  7 passed (2m)


